Determining if the pthread_create exist failed with the following output:
Change Dir: /home/ray/ROS/lego_loam_ws/src/LeGO-LOAM/cloud_msgs/cmake-build-debug/CMakeFiles/CMakeTmp

Run Build Command(s):/usr/bin/make cmTC_30a8a/fast 
/usr/bin/make -f CMakeFiles/cmTC_30a8a.dir/build.make CMakeFiles/cmTC_30a8a.dir/build
make[1]: Entering directory '/home/ray/ROS/lego_loam_ws/src/LeGO-LOAM/cloud_msgs/cmake-build-debug/CMakeFiles/CMakeTmp'
Building C object CMakeFiles/cmTC_30a8a.dir/CheckSymbolExists.c.o
/usr/bin/cc    -o CMakeFiles/cmTC_30a8a.dir/CheckSymbolExists.c.o   -c /home/ray/ROS/lego_loam_ws/src/LeGO-LOAM/cloud_msgs/cmake-build-debug/CMakeFiles/CMakeTmp/CheckSymbolExists.c
Linking C executable cmTC_30a8a
/home/ray/app/clion-2019.1.4/bin/cmake/linux/bin/cmake -E cmake_link_script CMakeFiles/cmTC_30a8a.dir/link.txt --verbose=1
/usr/bin/cc      -rdynamic CMakeFiles/cmTC_30a8a.dir/CheckSymbolExists.c.o  -o cmTC_30a8a 
CMakeFiles/cmTC_30a8a.dir/CheckSymbolExists.c.o: In function `main':
CheckSymbolExists.c:(.text+0x16): undefined reference to `pthread_create'
collect2: error: ld returned 1 exit status
CMakeFiles/cmTC_30a8a.dir/build.make:86: recipe for target 'cmTC_30a8a' failed
make[1]: *** [cmTC_30a8a] Error 1
make[1]: Leaving directory '/home/ray/ROS/lego_loam_ws/src/LeGO-LOAM/cloud_msgs/cmake-build-debug/CMakeFiles/CMakeTmp'
Makefile:121: recipe for target 'cmTC_30a8a/fast' failed
make: *** [cmTC_30a8a/fast] Error 2

File /home/ray/ROS/lego_loam_ws/src/LeGO-LOAM/cloud_msgs/cmake-build-debug/CMakeFiles/CMakeTmp/CheckSymbolExists.c:
/* */
#include <pthread.h>

int main(int argc, char** argv)
{
  (void)argv;
#ifndef pthread_create
  return ((int*)(&pthread_create))[argc];
#else
  (void)argc;
  return 0;
#endif
}

Determining if the function pthread_create exists in the pthreads failed with the following output:
Change Dir: /home/ray/ROS/lego_loam_ws/src/LeGO-LOAM/cloud_msgs/cmake-build-debug/CMakeFiles/CMakeTmp

Run Build Command(s):/usr/bin/make cmTC_a2d2b/fast 
/usr/bin/make -f CMakeFiles/cmTC_a2d2b.dir/build.make CMakeFiles/cmTC_a2d2b.dir/build
make[1]: Entering directory '/home/ray/ROS/lego_loam_ws/src/LeGO-LOAM/cloud_msgs/cmake-build-debug/CMakeFiles/CMakeTmp'
Building C object CMakeFiles/cmTC_a2d2b.dir/CheckFunctionExists.c.o
/usr/bin/cc   -DCHECK_FUNCTION_EXISTS=pthread_create   -o CMakeFiles/cmTC_a2d2b.dir/CheckFunctionExists.c.o   -c /home/ray/app/clion-2019.1.4/bin/cmake/linux/share/cmake-3.14/Modules/CheckFunctionExists.c
Linking C executable cmTC_a2d2b
/home/ray/app/clion-2019.1.4/bin/cmake/linux/bin/cmake -E cmake_link_script CMakeFiles/cmTC_a2d2b.dir/link.txt --verbose=1
/usr/bin/cc  -DCHECK_FUNCTION_EXISTS=pthread_create    -rdynamic CMakeFiles/cmTC_a2d2b.dir/CheckFunctionExists.c.o  -o cmTC_a2d2b -lpthreads 
/usr/bin/ld: cannot find -lpthreads
collect2: error: ld returned 1 exit status
CMakeFiles/cmTC_a2d2b.dir/build.make:86: recipe for target 'cmTC_a2d2b' failed
make[1]: *** [cmTC_a2d2b] Error 1
make[1]: Leaving directory '/home/ray/ROS/lego_loam_ws/src/LeGO-LOAM/cloud_msgs/cmake-build-debug/CMakeFiles/CMakeTmp'
Makefile:121: recipe for target 'cmTC_a2d2b/fast' failed
make: *** [cmTC_a2d2b/fast] Error 2


